Determining if the pthread_create exist failed with the following output:
Change Dir: /home/husarion/ROS/object_control/build/CMakeFiles/CMakeTmp

Run Build Command:"/usr/bin/make" "cmTC_63116/fast"
/usr/bin/make -f CMakeFiles/cmTC_63116.dir/build.make CMakeFiles/cmTC_63116.dir/build
make[1]: Entering directory '/home/husarion/ROS/object_control/build/CMakeFiles/CMakeTmp'
Building C object CMakeFiles/cmTC_63116.dir/CheckSymbolExists.c.o
/usr/bin/cc     -o CMakeFiles/cmTC_63116.dir/CheckSymbolExists.c.o   -c /home/husarion/ROS/object_control/build/CMakeFiles/CMakeTmp/CheckSymbolExists.c
Linking C executable cmTC_63116
/usr/bin/cmake -E cmake_link_script CMakeFiles/cmTC_63116.dir/link.txt --verbose=1
/usr/bin/cc       CMakeFiles/cmTC_63116.dir/CheckSymbolExists.c.o  -o cmTC_63116 -rdynamic 
CMakeFiles/cmTC_63116.dir/CheckSymbolExists.c.o: In function `main':
CheckSymbolExists.c:(.text+0xe): undefined reference to `pthread_create'
CheckSymbolExists.c:(.text+0x12): undefined reference to `pthread_create'
collect2: error: ld returned 1 exit status
CMakeFiles/cmTC_63116.dir/build.make:97: recipe for target 'cmTC_63116' failed
make[1]: *** [cmTC_63116] Error 1
make[1]: Leaving directory '/home/husarion/ROS/object_control/build/CMakeFiles/CMakeTmp'
Makefile:126: recipe for target 'cmTC_63116/fast' failed
make: *** [cmTC_63116/fast] Error 2

File /home/husarion/ROS/object_control/build/CMakeFiles/CMakeTmp/CheckSymbolExists.c:
/* */
#include <pthread.h>

int main(int argc, char** argv)
{
  (void)argv;
#ifndef pthread_create
  return ((int*)(&pthread_create))[argc];
#else
  (void)argc;
  return 0;
#endif
}

Determining if the function pthread_create exists in the pthreads failed with the following output:
Change Dir: /home/husarion/ROS/object_control/build/CMakeFiles/CMakeTmp

Run Build Command:"/usr/bin/make" "cmTC_ac138/fast"
/usr/bin/make -f CMakeFiles/cmTC_ac138.dir/build.make CMakeFiles/cmTC_ac138.dir/build
make[1]: Entering directory '/home/husarion/ROS/object_control/build/CMakeFiles/CMakeTmp'
Building C object CMakeFiles/cmTC_ac138.dir/CheckFunctionExists.c.o
/usr/bin/cc    -DCHECK_FUNCTION_EXISTS=pthread_create   -o CMakeFiles/cmTC_ac138.dir/CheckFunctionExists.c.o   -c /usr/share/cmake-3.5/Modules/CheckFunctionExists.c
Linking C executable cmTC_ac138
/usr/bin/cmake -E cmake_link_script CMakeFiles/cmTC_ac138.dir/link.txt --verbose=1
/usr/bin/cc   -DCHECK_FUNCTION_EXISTS=pthread_create    CMakeFiles/cmTC_ac138.dir/CheckFunctionExists.c.o  -o cmTC_ac138 -rdynamic -lpthreads 
/usr/bin/ld: cannot find -lpthreads
collect2: error: ld returned 1 exit status
CMakeFiles/cmTC_ac138.dir/build.make:97: recipe for target 'cmTC_ac138' failed
make[1]: *** [cmTC_ac138] Error 1
make[1]: Leaving directory '/home/husarion/ROS/object_control/build/CMakeFiles/CMakeTmp'
Makefile:126: recipe for target 'cmTC_ac138/fast' failed
make: *** [cmTC_ac138/fast] Error 2


