Determining if the pthread_create exist failed with the following output:
Change Dir: /home/husarion/ROS/build/CMakeFiles/CMakeTmp

Run Build Command:"/usr/bin/make" "cmTC_72293/fast"
/usr/bin/make -f CMakeFiles/cmTC_72293.dir/build.make CMakeFiles/cmTC_72293.dir/build
make[1]: Entering directory '/home/husarion/ROS/build/CMakeFiles/CMakeTmp'
Building C object CMakeFiles/cmTC_72293.dir/CheckSymbolExists.c.o
/usr/bin/cc     -o CMakeFiles/cmTC_72293.dir/CheckSymbolExists.c.o   -c /home/husarion/ROS/build/CMakeFiles/CMakeTmp/CheckSymbolExists.c
Linking C executable cmTC_72293
/usr/bin/cmake -E cmake_link_script CMakeFiles/cmTC_72293.dir/link.txt --verbose=1
/usr/bin/cc       CMakeFiles/cmTC_72293.dir/CheckSymbolExists.c.o  -o cmTC_72293 -rdynamic 
CMakeFiles/cmTC_72293.dir/CheckSymbolExists.c.o: In function `main':
CheckSymbolExists.c:(.text+0xe): undefined reference to `pthread_create'
CheckSymbolExists.c:(.text+0x12): undefined reference to `pthread_create'
collect2: error: ld returned 1 exit status
CMakeFiles/cmTC_72293.dir/build.make:97: recipe for target 'cmTC_72293' failed
make[1]: *** [cmTC_72293] Error 1
make[1]: Leaving directory '/home/husarion/ROS/build/CMakeFiles/CMakeTmp'
Makefile:126: recipe for target 'cmTC_72293/fast' failed
make: *** [cmTC_72293/fast] Error 2

File /home/husarion/ROS/build/CMakeFiles/CMakeTmp/CheckSymbolExists.c:
/* */
#include <pthread.h>

int main(int argc, char** argv)
{
  (void)argv;
#ifndef pthread_create
  return ((int*)(&pthread_create))[argc];
#else
  (void)argc;
  return 0;
#endif
}

Determining if the function pthread_create exists in the pthreads failed with the following output:
Change Dir: /home/husarion/ROS/build/CMakeFiles/CMakeTmp

Run Build Command:"/usr/bin/make" "cmTC_4272f/fast"
/usr/bin/make -f CMakeFiles/cmTC_4272f.dir/build.make CMakeFiles/cmTC_4272f.dir/build
make[1]: Entering directory '/home/husarion/ROS/build/CMakeFiles/CMakeTmp'
Building C object CMakeFiles/cmTC_4272f.dir/CheckFunctionExists.c.o
/usr/bin/cc    -DCHECK_FUNCTION_EXISTS=pthread_create   -o CMakeFiles/cmTC_4272f.dir/CheckFunctionExists.c.o   -c /usr/share/cmake-3.5/Modules/CheckFunctionExists.c
Linking C executable cmTC_4272f
/usr/bin/cmake -E cmake_link_script CMakeFiles/cmTC_4272f.dir/link.txt --verbose=1
/usr/bin/cc   -DCHECK_FUNCTION_EXISTS=pthread_create    CMakeFiles/cmTC_4272f.dir/CheckFunctionExists.c.o  -o cmTC_4272f -rdynamic -lpthreads 
/usr/bin/ld: cannot find -lpthreads
collect2: error: ld returned 1 exit status
CMakeFiles/cmTC_4272f.dir/build.make:97: recipe for target 'cmTC_4272f' failed
make[1]: *** [cmTC_4272f] Error 1
make[1]: Leaving directory '/home/husarion/ROS/build/CMakeFiles/CMakeTmp'
Makefile:126: recipe for target 'cmTC_4272f/fast' failed
make: *** [cmTC_4272f/fast] Error 2


